2022-07-08 10:25:20.779 -05:00 [Warning] The remote server returned an error: (500) Internal Server Error.
System.Net.WebException: The remote server returned an error: (500) Internal Server Error.
   at System.Net.HttpWebRequest.GetResponse()
   at Simed.Utilities.Rest.RestClient.Get(String Url, String Authorization) in C:\Users\Usuario\Desktop\SistemaCreditoSimed\SimedCredito\Simed.Utilities\Rest\RestClient.cs:line 31
   at Simed.Utilities.Rest.RestClient.ProcessGetRequest(String Url, String Authorization) in C:\Users\Usuario\Desktop\SistemaCreditoSimed\SimedCredito\Simed.Utilities\Rest\RestClient.cs:line 75
   at SimedCredito.Web.Controllers.FormularioClienteController.DataByCode(String Code) in C:\Users\Usuario\Desktop\SistemaCreditoSimed\SimedCredito\SimedCredito.Web\Controllers\FormularioClienteController.cs:line 1421
2022-07-08 10:27:18.487 -05:00 [Warning] The operation has timed out.
System.Net.WebException: The operation has timed out.
   at System.Net.HttpWebRequest.GetResponse()
   at Simed.Utilities.Rest.RestClient.Get(String Url, String Authorization) in C:\Users\Usuario\Desktop\SistemaCreditoSimed\SimedCredito\Simed.Utilities\Rest\RestClient.cs:line 31
   at Simed.Utilities.Rest.RestClient.ProcessGetRequest(String Url, String Authorization) in C:\Users\Usuario\Desktop\SistemaCreditoSimed\SimedCredito\Simed.Utilities\Rest\RestClient.cs:line 75
   at SimedCredito.Web.Controllers.FormularioClienteController.DataByCode(String Code) in C:\Users\Usuario\Desktop\SistemaCreditoSimed\SimedCredito\SimedCredito.Web\Controllers\FormularioClienteController.cs:line 1421
2022-07-08 10:28:31.425 -05:00 [Warning] The remote server returned an error: (500) Internal Server Error.
System.Net.WebException: The remote server returned an error: (500) Internal Server Error.
   at System.Net.HttpWebRequest.GetResponse()
   at Simed.Utilities.Rest.RestClient.Get(String Url, String Authorization) in C:\Users\Usuario\Desktop\SistemaCreditoSimed\SimedCredito\Simed.Utilities\Rest\RestClient.cs:line 31
   at Simed.Utilities.Rest.RestClient.ProcessGetRequest(String Url, String Authorization) in C:\Users\Usuario\Desktop\SistemaCreditoSimed\SimedCredito\Simed.Utilities\Rest\RestClient.cs:line 75
   at SimedCredito.Web.Controllers.FormularioClienteController.DataByCode(String Code) in C:\Users\Usuario\Desktop\SistemaCreditoSimed\SimedCredito\SimedCredito.Web\Controllers\FormularioClienteController.cs:line 1421
2022-07-08 10:34:51.242 -05:00 [Warning] The remote server returned an error: (500) Internal Server Error.
System.Net.WebException: The remote server returned an error: (500) Internal Server Error.
   at System.Net.HttpWebRequest.GetResponse()
   at Simed.Utilities.Rest.RestClient.Get(String Url, String Authorization) in C:\Users\Usuario\Desktop\SistemaCreditoSimed\SimedCredito\Simed.Utilities\Rest\RestClient.cs:line 31
   at Simed.Utilities.Rest.RestClient.ProcessGetRequest(String Url, String Authorization) in C:\Users\Usuario\Desktop\SistemaCreditoSimed\SimedCredito\Simed.Utilities\Rest\RestClient.cs:line 75
   at SimedCredito.Web.Controllers.FormularioClienteController.DataByCode(String Code) in C:\Users\Usuario\Desktop\SistemaCreditoSimed\SimedCredito\SimedCredito.Web\Controllers\FormularioClienteController.cs:line 1421
2022-07-08 10:35:53.557 -05:00 [Warning] The remote server returned an error: (500) Internal Server Error.
System.Net.WebException: The remote server returned an error: (500) Internal Server Error.
   at System.Net.HttpWebRequest.GetResponse()
   at Simed.Utilities.Rest.RestClient.Get(String Url, String Authorization) in C:\Users\Usuario\Desktop\SistemaCreditoSimed\SimedCredito\Simed.Utilities\Rest\RestClient.cs:line 31
   at Simed.Utilities.Rest.RestClient.ProcessGetRequest(String Url, String Authorization) in C:\Users\Usuario\Desktop\SistemaCreditoSimed\SimedCredito\Simed.Utilities\Rest\RestClient.cs:line 75
   at SimedCredito.Web.Controllers.FormularioClienteController.DataByCode(String Code) in C:\Users\Usuario\Desktop\SistemaCreditoSimed\SimedCredito\SimedCredito.Web\Controllers\FormularioClienteController.cs:line 1421
2022-07-08 10:40:52.271 -05:00 [Warning] The remote server returned an error: (500) Internal Server Error.
System.Net.WebException: The remote server returned an error: (500) Internal Server Error.
   at System.Net.HttpWebRequest.GetResponse()
   at Simed.Utilities.Rest.RestClient.Get(String Url, String Authorization) in C:\Users\Usuario\Desktop\SistemaCreditoSimed\SimedCredito\Simed.Utilities\Rest\RestClient.cs:line 31
   at Simed.Utilities.Rest.RestClient.ProcessGetRequest(String Url, String Authorization) in C:\Users\Usuario\Desktop\SistemaCreditoSimed\SimedCredito\Simed.Utilities\Rest\RestClient.cs:line 75
   at SimedCredito.Web.Controllers.FormularioClienteController.DataByCode(String Code) in C:\Users\Usuario\Desktop\SistemaCreditoSimed\SimedCredito\SimedCredito.Web\Controllers\FormularioClienteController.cs:line 1421
2022-07-08 10:43:26.040 -05:00 [Warning] The operation has timed out.
System.Net.WebException: The operation has timed out.
   at System.Net.HttpWebRequest.GetResponse()
   at Simed.Utilities.Rest.RestClient.Get(String Url, String Authorization) in C:\Users\Usuario\Desktop\SistemaCreditoSimed\SimedCredito\Simed.Utilities\Rest\RestClient.cs:line 31
   at Simed.Utilities.Rest.RestClient.ProcessGetRequest(String Url, String Authorization) in C:\Users\Usuario\Desktop\SistemaCreditoSimed\SimedCredito\Simed.Utilities\Rest\RestClient.cs:line 75
   at SimedCredito.Web.Controllers.FormularioClienteController.DataByCode(String Code) in C:\Users\Usuario\Desktop\SistemaCreditoSimed\SimedCredito\SimedCredito.Web\Controllers\FormularioClienteController.cs:line 1421
2022-07-08 10:45:54.096 -05:00 [Warning] The operation has timed out.
System.Net.WebException: The operation has timed out.
   at System.Net.HttpWebRequest.GetResponse()
   at Simed.Utilities.Rest.RestClient.Get(String Url, String Authorization) in C:\Users\Usuario\Desktop\SistemaCreditoSimed\SimedCredito\Simed.Utilities\Rest\RestClient.cs:line 31
   at Simed.Utilities.Rest.RestClient.ProcessGetRequest(String Url, String Authorization) in C:\Users\Usuario\Desktop\SistemaCreditoSimed\SimedCredito\Simed.Utilities\Rest\RestClient.cs:line 75
   at SimedCredito.Web.Controllers.FormularioClienteController.DataByCode(String Code) in C:\Users\Usuario\Desktop\SistemaCreditoSimed\SimedCredito\SimedCredito.Web\Controllers\FormularioClienteController.cs:line 1421
2022-07-08 10:45:54.097 -05:00 [Warning] The operation has timed out.
System.Net.WebException: The operation has timed out.
   at System.Net.HttpWebRequest.GetResponse()
   at Simed.Utilities.Rest.RestClient.Get(String Url, String Authorization) in C:\Users\Usuario\Desktop\SistemaCreditoSimed\SimedCredito\Simed.Utilities\Rest\RestClient.cs:line 31
   at Simed.Utilities.Rest.RestClient.ProcessGetRequest(String Url, String Authorization) in C:\Users\Usuario\Desktop\SistemaCreditoSimed\SimedCredito\Simed.Utilities\Rest\RestClient.cs:line 75
   at SimedCredito.Web.Controllers.FormularioClienteController.DataByCode(String Code) in C:\Users\Usuario\Desktop\SistemaCreditoSimed\SimedCredito\SimedCredito.Web\Controllers\FormularioClienteController.cs:line 1421
2022-07-08 17:34:08.985 -05:00 [Warning] The remote server returned an error: (500) Internal Server Error.
System.Net.WebException: The remote server returned an error: (500) Internal Server Error.
   at System.Net.HttpWebRequest.GetResponse()
   at Simed.Utilities.Rest.RestClient.Get(String Url, String Authorization) in C:\Users\Usuario\Desktop\SistemaCreditoSimed\SimedCredito\Simed.Utilities\Rest\RestClient.cs:line 31
   at Simed.Utilities.Rest.RestClient.ProcessGetRequest(String Url, String Authorization) in C:\Users\Usuario\Desktop\SistemaCreditoSimed\SimedCredito\Simed.Utilities\Rest\RestClient.cs:line 75
   at SimedCredito.Web.Controllers.FormularioClienteController.DataByCode(String Code) in C:\Users\Usuario\Desktop\SistemaCreditoSimed\SimedCredito\SimedCredito.Web\Controllers\FormularioClienteController.cs:line 1421
2022-07-08 17:34:10.662 -05:00 [Warning] The remote server returned an error: (500) Internal Server Error.
System.Net.WebException: The remote server returned an error: (500) Internal Server Error.
   at System.Net.HttpWebRequest.GetResponse()
   at Simed.Utilities.Rest.RestClient.Get(String Url, String Authorization) in C:\Users\Usuario\Desktop\SistemaCreditoSimed\SimedCredito\Simed.Utilities\Rest\RestClient.cs:line 31
   at Simed.Utilities.Rest.RestClient.ProcessGetRequest(String Url, String Authorization) in C:\Users\Usuario\Desktop\SistemaCreditoSimed\SimedCredito\Simed.Utilities\Rest\RestClient.cs:line 75
   at SimedCredito.Web.Controllers.FormularioClienteController.DataByCode(String Code) in C:\Users\Usuario\Desktop\SistemaCreditoSimed\SimedCredito\SimedCredito.Web\Controllers\FormularioClienteController.cs:line 1421
2022-07-08 17:34:50.298 -05:00 [Warning] The remote server returned an error: (500) Internal Server Error.
System.Net.WebException: The remote server returned an error: (500) Internal Server Error.
   at System.Net.HttpWebRequest.GetResponse()
   at Simed.Utilities.Rest.RestClient.Get(String Url, String Authorization) in C:\Users\Usuario\Desktop\SistemaCreditoSimed\SimedCredito\Simed.Utilities\Rest\RestClient.cs:line 31
   at Simed.Utilities.Rest.RestClient.ProcessGetRequest(String Url, String Authorization) in C:\Users\Usuario\Desktop\SistemaCreditoSimed\SimedCredito\Simed.Utilities\Rest\RestClient.cs:line 75
   at SimedCredito.Web.Controllers.FormularioClienteController.DataByCode(String Code) in C:\Users\Usuario\Desktop\SistemaCreditoSimed\SimedCredito\SimedCredito.Web\Controllers\FormularioClienteController.cs:line 1421
2022-07-08 17:35:07.078 -05:00 [Warning] The remote server returned an error: (500) Internal Server Error.
System.Net.WebException: The remote server returned an error: (500) Internal Server Error.
   at System.Net.HttpWebRequest.GetResponse()
   at Simed.Utilities.Rest.RestClient.Get(String Url, String Authorization) in C:\Users\Usuario\Desktop\SistemaCreditoSimed\SimedCredito\Simed.Utilities\Rest\RestClient.cs:line 31
   at Simed.Utilities.Rest.RestClient.ProcessGetRequest(String Url, String Authorization) in C:\Users\Usuario\Desktop\SistemaCreditoSimed\SimedCredito\Simed.Utilities\Rest\RestClient.cs:line 75
   at SimedCredito.Web.Controllers.FormularioClienteController.DataByCode(String Code) in C:\Users\Usuario\Desktop\SistemaCreditoSimed\SimedCredito\SimedCredito.Web\Controllers\FormularioClienteController.cs:line 1421
2022-07-08 17:35:13.856 -05:00 [Warning] The remote server returned an error: (500) Internal Server Error.
System.Net.WebException: The remote server returned an error: (500) Internal Server Error.
   at System.Net.HttpWebRequest.GetResponse()
   at Simed.Utilities.Rest.RestClient.Get(String Url, String Authorization) in C:\Users\Usuario\Desktop\SistemaCreditoSimed\SimedCredito\Simed.Utilities\Rest\RestClient.cs:line 31
   at Simed.Utilities.Rest.RestClient.ProcessGetRequest(String Url, String Authorization) in C:\Users\Usuario\Desktop\SistemaCreditoSimed\SimedCredito\Simed.Utilities\Rest\RestClient.cs:line 75
   at SimedCredito.Web.Controllers.FormularioClienteController.DataByCode(String Code) in C:\Users\Usuario\Desktop\SistemaCreditoSimed\SimedCredito\SimedCredito.Web\Controllers\FormularioClienteController.cs:line 1421
2022-07-08 17:35:31.337 -05:00 [Warning] The remote server returned an error: (500) Internal Server Error.
System.Net.WebException: The remote server returned an error: (500) Internal Server Error.
   at System.Net.HttpWebRequest.GetResponse()
   at Simed.Utilities.Rest.RestClient.Get(String Url, String Authorization) in C:\Users\Usuario\Desktop\SistemaCreditoSimed\SimedCredito\Simed.Utilities\Rest\RestClient.cs:line 31
   at Simed.Utilities.Rest.RestClient.ProcessGetRequest(String Url, String Authorization) in C:\Users\Usuario\Desktop\SistemaCreditoSimed\SimedCredito\Simed.Utilities\Rest\RestClient.cs:line 75
   at SimedCredito.Web.Controllers.FormularioClienteController.DataByCode(String Code) in C:\Users\Usuario\Desktop\SistemaCreditoSimed\SimedCredito\SimedCredito.Web\Controllers\FormularioClienteController.cs:line 1421
2022-07-08 17:48:18.036 -05:00 [Warning] The operation has timed out.
System.Net.WebException: The operation has timed out.
   at System.Net.HttpWebRequest.GetResponse()
   at Simed.Utilities.Rest.RestClient.Get(String Url, String Authorization) in C:\Users\Usuario\Desktop\SistemaCreditoSimed\SimedCredito\Simed.Utilities\Rest\RestClient.cs:line 31
   at Simed.Utilities.Rest.RestClient.ProcessGetRequest(String Url, String Authorization) in C:\Users\Usuario\Desktop\SistemaCreditoSimed\SimedCredito\Simed.Utilities\Rest\RestClient.cs:line 75
   at SimedCredito.Web.Controllers.FormularioClienteController.DataByCode(String Code) in C:\Users\Usuario\Desktop\SistemaCreditoSimed\SimedCredito\SimedCredito.Web\Controllers\FormularioClienteController.cs:line 1421
2022-07-08 17:48:18.039 -05:00 [Warning] The operation has timed out.
System.Net.WebException: The operation has timed out.
   at System.Net.HttpWebRequest.GetResponse()
   at Simed.Utilities.Rest.RestClient.Get(String Url, String Authorization) in C:\Users\Usuario\Desktop\SistemaCreditoSimed\SimedCredito\Simed.Utilities\Rest\RestClient.cs:line 31
   at Simed.Utilities.Rest.RestClient.ProcessGetRequest(String Url, String Authorization) in C:\Users\Usuario\Desktop\SistemaCreditoSimed\SimedCredito\Simed.Utilities\Rest\RestClient.cs:line 75
   at SimedCredito.Web.Controllers.FormularioClienteController.DataByCode(String Code) in C:\Users\Usuario\Desktop\SistemaCreditoSimed\SimedCredito\SimedCredito.Web\Controllers\FormularioClienteController.cs:line 1421
2022-07-08 17:48:50.641 -05:00 [Warning] The remote server returned an error: (500) Internal Server Error.
System.Net.WebException: The remote server returned an error: (500) Internal Server Error.
   at System.Net.HttpWebRequest.GetResponse()
   at Simed.Utilities.Rest.RestClient.Get(String Url, String Authorization) in C:\Users\Usuario\Desktop\SistemaCreditoSimed\SimedCredito\Simed.Utilities\Rest\RestClient.cs:line 31
   at Simed.Utilities.Rest.RestClient.ProcessGetRequest(String Url, String Authorization) in C:\Users\Usuario\Desktop\SistemaCreditoSimed\SimedCredito\Simed.Utilities\Rest\RestClient.cs:line 75
   at SimedCredito.Web.Controllers.FormularioClienteController.DataByCode(String Code) in C:\Users\Usuario\Desktop\SistemaCreditoSimed\SimedCredito\SimedCredito.Web\Controllers\FormularioClienteController.cs:line 1421
2022-07-08 17:49:00.247 -05:00 [Warning] The remote server returned an error: (500) Internal Server Error.
System.Net.WebException: The remote server returned an error: (500) Internal Server Error.
   at System.Net.HttpWebRequest.GetResponse()
   at Simed.Utilities.Rest.RestClient.Get(String Url, String Authorization) in C:\Users\Usuario\Desktop\SistemaCreditoSimed\SimedCredito\Simed.Utilities\Rest\RestClient.cs:line 31
   at Simed.Utilities.Rest.RestClient.ProcessGetRequest(String Url, String Authorization) in C:\Users\Usuario\Desktop\SistemaCreditoSimed\SimedCredito\Simed.Utilities\Rest\RestClient.cs:line 75
   at SimedCredito.Web.Controllers.FormularioClienteController.DataByCode(String Code) in C:\Users\Usuario\Desktop\SistemaCreditoSimed\SimedCredito\SimedCredito.Web\Controllers\FormularioClienteController.cs:line 1421
