2021-11-22 20:30:49.949 -05:00 [Warning] The remote server returned an error: (404) Not Found.
System.Net.WebException: The remote server returned an error: (404) Not Found.
   at System.Net.HttpWebRequest.GetResponse()
   at Simed.Utilities.Rest.RestClient.Post(String Url, String Json, String Authorization) in C:\Users\Usuario\Desktop\SistemaCreditoSimed\SimedCredito\Simed.Utilities\Rest\RestClient.cs:line 51
   at Simed.Utilities.Rest.RestClient.ProcessPostRequest(String Url, Object Request, String Authorization) in C:\Users\Usuario\Desktop\SistemaCreditoSimed\SimedCredito\Simed.Utilities\Rest\RestClient.cs:line 59
   at SimedCredito.Web.Controllers.LoginController.Validate(LoginRequest Request) in C:\Users\Usuario\Desktop\SistemaCreditoSimed\SimedCredito\SimedCredito.Web\Controllers\LoginController.cs:line 45
2021-11-22 20:35:07.661 -05:00 [Warning] The remote server returned an error: (404) Not Found.
System.Net.WebException: The remote server returned an error: (404) Not Found.
   at System.Net.HttpWebRequest.GetResponse()
   at Simed.Utilities.Rest.RestClient.Post(String Url, String Json, String Authorization) in C:\Users\Usuario\Desktop\SistemaCreditoSimed\SimedCredito\Simed.Utilities\Rest\RestClient.cs:line 51
   at Simed.Utilities.Rest.RestClient.ProcessPostRequest(String Url, Object Request, String Authorization) in C:\Users\Usuario\Desktop\SistemaCreditoSimed\SimedCredito\Simed.Utilities\Rest\RestClient.cs:line 59
   at SimedCredito.Web.Controllers.LoginController.Validate(LoginRequest Request) in C:\Users\Usuario\Desktop\SistemaCreditoSimed\SimedCredito\SimedCredito.Web\Controllers\LoginController.cs:line 45
2021-11-22 20:38:19.343 -05:00 [Warning] The remote server returned an error: (404) Not Found.
System.Net.WebException: The remote server returned an error: (404) Not Found.
   at System.Net.HttpWebRequest.GetResponse()
   at Simed.Utilities.Rest.RestClient.Get(String Url, String Authorization) in C:\Users\Usuario\Desktop\SistemaCreditoSimed\SimedCredito\Simed.Utilities\Rest\RestClient.cs:line 31
   at Simed.Utilities.Rest.RestClient.ProcessGetRequest(String Url, String Authorization) in C:\Users\Usuario\Desktop\SistemaCreditoSimed\SimedCredito\Simed.Utilities\Rest\RestClient.cs:line 75
   at SimedCredito.Web.Controllers.LoginController.Validate(LoginRequest Request) in C:\Users\Usuario\Desktop\SistemaCreditoSimed\SimedCredito\SimedCredito.Web\Controllers\LoginController.cs:line 56
2021-11-22 20:41:03.231 -05:00 [Warning] The remote server returned an error: (404) Not Found.
System.Net.WebException: The remote server returned an error: (404) Not Found.
   at System.Net.HttpWebRequest.GetResponse()
   at Simed.Utilities.Rest.RestClient.Get(String Url, String Authorization) in C:\Users\Usuario\Desktop\SistemaCreditoSimed\SimedCredito\Simed.Utilities\Rest\RestClient.cs:line 31
   at Simed.Utilities.Rest.RestClient.ProcessGetRequest(String Url, String Authorization) in C:\Users\Usuario\Desktop\SistemaCreditoSimed\SimedCredito\Simed.Utilities\Rest\RestClient.cs:line 75
   at SimedCredito.Web.Controllers.LoginController.Validate(LoginRequest Request) in C:\Users\Usuario\Desktop\SistemaCreditoSimed\SimedCredito\SimedCredito.Web\Controllers\LoginController.cs:line 56
2021-11-22 20:43:02.879 -05:00 [Warning] The remote server returned an error: (404) Not Found.
System.Net.WebException: The remote server returned an error: (404) Not Found.
   at System.Net.HttpWebRequest.GetResponse()
   at Simed.Utilities.Rest.RestClient.Get(String Url, String Authorization) in C:\Users\Usuario\Desktop\SistemaCreditoSimed\SimedCredito\Simed.Utilities\Rest\RestClient.cs:line 31
   at Simed.Utilities.Rest.RestClient.ProcessGetRequest(String Url, String Authorization) in C:\Users\Usuario\Desktop\SistemaCreditoSimed\SimedCredito\Simed.Utilities\Rest\RestClient.cs:line 75
   at SimedCredito.Web.Controllers.LoginController.Validate(LoginRequest Request) in C:\Users\Usuario\Desktop\SistemaCreditoSimed\SimedCredito\SimedCredito.Web\Controllers\LoginController.cs:line 56
2021-11-22 20:43:39.884 -05:00 [Warning] The remote server returned an error: (404) Not Found.
System.Net.WebException: The remote server returned an error: (404) Not Found.
   at System.Net.HttpWebRequest.GetResponse()
   at Simed.Utilities.Rest.RestClient.Get(String Url, String Authorization) in C:\Users\Usuario\Desktop\SistemaCreditoSimed\SimedCredito\Simed.Utilities\Rest\RestClient.cs:line 31
   at Simed.Utilities.Rest.RestClient.ProcessGetRequest(String Url, String Authorization) in C:\Users\Usuario\Desktop\SistemaCreditoSimed\SimedCredito\Simed.Utilities\Rest\RestClient.cs:line 75
   at SimedCredito.Web.Controllers.LoginController.Validate(LoginRequest Request) in C:\Users\Usuario\Desktop\SistemaCreditoSimed\SimedCredito\SimedCredito.Web\Controllers\LoginController.cs:line 56
