2022-05-16 16:31:16.746 -05:00 [Warning] Ingreso
2022-05-16 16:34:05.728 -05:00 [Warning] Ingreso
2022-05-16 17:33:32.956 -05:00 [Warning] Ingreso
2022-05-16 17:57:40.263 -05:00 [Warning] Invalid object name 'SIMPE..RM00301'.
2022-05-16 17:57:40.265 -05:00 [Error] Invalid object name 'SIMPE..RM00301'.
2022-05-16 17:57:47.441 -05:00 [Error] An unhandled exception has occurred while executing the request.
System.Data.SqlClient.SqlException (0x80131904): Invalid object name 'SIMPE..RM00301'.
   at SimedCredito.Controllers.SisInternoSelectController.GetAsesorComercial() in C:\Users\Usuario\Desktop\SistemaCreditoSimed\SimedCredito\SimedCredito\Controllers\SisInternoSelectController.cs:line 284
   at lambda_method(Closure , Object , Object[] )
   at Microsoft.Extensions.Internal.ObjectMethodExecutor.Execute(Object target, Object[] parameters)
   at Microsoft.AspNetCore.Mvc.Internal.ActionMethodExecutor.SyncActionResultExecutor.Execute(IActionResultTypeMapper mapper, ObjectMethodExecutor executor, Object controller, Object[] arguments)
   at Microsoft.AspNetCore.Mvc.Internal.ControllerActionInvoker.InvokeActionMethodAsync()
   at Microsoft.AspNetCore.Mvc.Internal.ControllerActionInvoker.InvokeNextActionFilterAsync()
   at Microsoft.AspNetCore.Mvc.Internal.ControllerActionInvoker.Rethrow(ActionExecutedContext context)
   at Microsoft.AspNetCore.Mvc.Internal.ControllerActionInvoker.Next(State& next, Scope& scope, Object& state, Boolean& isCompleted)
   at Microsoft.AspNetCore.Mvc.Internal.ControllerActionInvoker.InvokeInnerFilterAsync()
   at Microsoft.AspNetCore.Mvc.Internal.ResourceInvoker.InvokeNextResourceFilter()
   at Microsoft.AspNetCore.Mvc.Internal.ResourceInvoker.Rethrow(ResourceExecutedContext context)
   at Microsoft.AspNetCore.Mvc.Internal.ResourceInvoker.Next(State& next, Scope& scope, Object& state, Boolean& isCompleted)
   at Microsoft.AspNetCore.Mvc.Internal.ResourceInvoker.InvokeFilterPipelineAsync()
   at Microsoft.AspNetCore.Mvc.Internal.ResourceInvoker.InvokeAsync()
   at Microsoft.AspNetCore.Builder.RouterMiddleware.Invoke(HttpContext httpContext)
   at Microsoft.AspNetCore.StaticFiles.StaticFileMiddleware.Invoke(HttpContext context)
   at Microsoft.AspNetCore.Diagnostics.DeveloperExceptionPageMiddleware.Invoke(HttpContext context)
ClientConnectionId:311a3469-e448-478c-b348-5c0860a0ef4f
Error Number:208,State:1,Class:16
2022-05-16 18:03:26.589 -05:00 [Error] Input string was not in a correct format.
2022-05-16 18:04:09.307 -05:00 [Error] An unhandled exception has occurred while executing the request.
System.FormatException: Input string was not in a correct format.
   at SimedCredito.Controllers.FormularioClienteController.GuardarClienteFormulario(FormularioRequestCliente request)
   at lambda_method(Closure , Object , Object[] )
   at Microsoft.Extensions.Internal.ObjectMethodExecutor.Execute(Object target, Object[] parameters)
   at Microsoft.AspNetCore.Mvc.Internal.ActionMethodExecutor.SyncActionResultExecutor.Execute(IActionResultTypeMapper mapper, ObjectMethodExecutor executor, Object controller, Object[] arguments)
   at Microsoft.AspNetCore.Mvc.Internal.ControllerActionInvoker.InvokeActionMethodAsync()
   at Microsoft.AspNetCore.Mvc.Internal.ControllerActionInvoker.InvokeNextActionFilterAsync()
   at Microsoft.AspNetCore.Mvc.Internal.ControllerActionInvoker.Rethrow(ActionExecutedContext context)
   at Microsoft.AspNetCore.Mvc.Internal.ControllerActionInvoker.Next(State& next, Scope& scope, Object& state, Boolean& isCompleted)
   at Microsoft.AspNetCore.Mvc.Internal.ControllerActionInvoker.InvokeInnerFilterAsync()
   at Microsoft.AspNetCore.Mvc.Internal.ResourceInvoker.InvokeNextResourceFilter()
   at Microsoft.AspNetCore.Mvc.Internal.ResourceInvoker.Rethrow(ResourceExecutedContext context)
   at Microsoft.AspNetCore.Mvc.Internal.ResourceInvoker.Next(State& next, Scope& scope, Object& state, Boolean& isCompleted)
   at Microsoft.AspNetCore.Mvc.Internal.ResourceInvoker.InvokeFilterPipelineAsync()
   at Microsoft.AspNetCore.Mvc.Internal.ResourceInvoker.InvokeAsync()
   at Microsoft.AspNetCore.Builder.RouterMiddleware.Invoke(HttpContext httpContext)
   at Microsoft.AspNetCore.StaticFiles.StaticFileMiddleware.Invoke(HttpContext context)
   at Microsoft.AspNetCore.Diagnostics.DeveloperExceptionPageMiddleware.Invoke(HttpContext context)
2022-05-16 19:51:07.221 -05:00 [Warning] Ingreso
2022-05-16 19:56:01.607 -05:00 [Warning] Ingreso
2022-05-16 20:21:09.809 -05:00 [Warning] Ingreso
2022-05-16 20:48:38.991 -05:00 [Warning] Ingreso
2022-05-16 21:02:46.212 -05:00 [Warning] Ingreso
2022-05-16 21:03:58.493 -05:00 [Warning] Ingreso
2022-05-16 21:09:15.056 -05:00 [Warning] Ingreso
2022-05-16 21:11:23.361 -05:00 [Warning] Ingreso
2022-05-16 21:57:41.526 -05:00 [Warning] Ingreso
2022-05-16 21:59:25.028 -05:00 [Warning] Ingreso
2022-05-16 22:29:55.241 -05:00 [Warning] Ingreso
2022-05-16 22:31:30.254 -05:00 [Warning] Ingreso
2022-05-16 22:31:48.974 -05:00 [Warning] Ingreso
2022-05-16 22:32:20.050 -05:00 [Warning] Ingreso
2022-05-16 22:32:26.577 -05:00 [Warning] Ingreso
2022-05-16 22:32:29.360 -05:00 [Warning] Ingreso
2022-05-16 22:32:54.964 -05:00 [Warning] Ingreso
2022-05-16 22:33:10.276 -05:00 [Warning] Ingreso
2022-05-16 22:33:22.457 -05:00 [Warning] Ingreso
2022-05-16 22:33:34.675 -05:00 [Warning] Ingreso
2022-05-16 22:34:34.889 -05:00 [Warning] Ingreso
2022-05-16 22:37:07.148 -05:00 [Warning] Ingreso
2022-05-16 22:39:05.247 -05:00 [Warning] Ingreso
2022-05-16 22:39:35.537 -05:00 [Warning] Ingreso
